{"E:\\PROJECT\\Booking\\frontend\\src\\components\\AdminLogin.vue": {"path":"E:\\PROJECT\\Booking\\frontend\\src\\components\\AdminLogin.vue","statementMap":{"0":{"start":{"line":72,"column":15},"end":{"line":72,"column":25}},"1":{"start":{"line":73,"column":18},"end":{"line":73,"column":null}},"2":{"start":{"line":74,"column":21},"end":{"line":74,"column":null}},"3":{"start":{"line":76,"column":13},"end":{"line":79,"column":null}},"4":{"start":{"line":81,"column":20},"end":{"line":97,"column":null}},"5":{"start":{"line":82,"column":4},"end":{"line":82,"column":null}},"6":{"start":{"line":83,"column":4},"end":{"line":83,"column":null}},"7":{"start":{"line":85,"column":4},"end":{"line":96,"column":null}},"8":{"start":{"line":86,"column":23},"end":{"line":86,"column":null}},"9":{"start":{"line":87,"column":8},"end":{"line":91,"column":null}},"10":{"start":{"line":88,"column":12},"end":{"line":88,"column":null}},"11":{"start":{"line":90,"column":12},"end":{"line":90,"column":null}},"12":{"start":{"line":93,"column":8},"end":{"line":93,"column":null}},"13":{"start":{"line":95,"column":8},"end":{"line":95,"column":null}},"14":{"start":{"line":2,"column":9},"end":{"line":2,"column":null}},"15":{"start":{"line":3,"column":13},"end":{"line":3,"column":null}},"16":{"start":{"line":2,"column":4},"end":{"line":60,"column":null}},"17":{"start":{"line":17,"column":33},"end":{"line":17,"column":null}},"18":{"start":{"line":31,"column":33},"end":{"line":31,"column":null}}},"fnMap":{"0":{"name":"(anonymous_0)","decl":{"start":{"line":81,"column":20},"end":{"line":81,"column":32}},"loc":{"start":{"line":81,"column":32},"end":{"line":97,"column":null}},"line":81},"1":{"name":"(anonymous_1)","decl":{"start":{"line":17,"column":33},"end":{"line":17,"column":38}},"loc":{"start":{"line":17,"column":33},"end":{"line":17,"column":null}},"line":17},"2":{"name":"(anonymous_2)","decl":{"start":{"line":31,"column":33},"end":{"line":31,"column":38}},"loc":{"start":{"line":31,"column":33},"end":{"line":31,"column":null}},"line":31}},"branchMap":{"0":{"loc":{"start":{"line":87,"column":8},"end":{"line":91,"column":null}},"type":"if","locations":[{"start":{"line":87,"column":8},"end":{"line":91,"column":null}},{"start":{"line":89,"column":15},"end":{"line":91,"column":null}}],"line":87},"1":{"loc":{"start":{"line":90,"column":33},"end":{"line":90,"column":null}},"type":"binary-expr","locations":[{"start":{"line":90,"column":33},"end":{"line":90,"column":51}},{"start":{"line":90,"column":51},"end":{"line":90,"column":null}}],"line":90},"2":{"loc":{"start":{"line":93,"column":29},"end":{"line":93,"column":null}},"type":"binary-expr","locations":[{"start":{"line":93,"column":29},"end":{"line":93,"column":62}},{"start":{"line":93,"column":62},"end":{"line":93,"column":null}}],"line":93},"3":{"loc":{"start":{"line":5,"column":12},"end":{"line":7,"column":79}},"type":"binary-expr","locations":[{"start":{"line":5,"column":12},"end":{"line":5,"column":17}},{"start":{"line":5,"column":12},"end":{"line":7,"column":79}}],"line":5},"4":{"loc":{"start":{"line":13,"column":20},"end":{"line":15,"column":28}},"type":"binary-expr","locations":[{"start":{"line":13,"column":20},"end":{"line":13,"column":27}},{"start":{"line":13,"column":20},"end":{"line":15,"column":28}}],"line":13},"5":{"loc":{"start":{"line":17,"column":33},"end":{"line":17,"column":null}},"type":"binary-expr","locations":[{"start":{"line":17,"column":33},"end":{"line":17,"column":38}},{"start":{"line":17,"column":33},"end":{"line":17,"column":null}}],"line":17},"6":{"loc":{"start":{"line":27,"column":20},"end":{"line":29,"column":28}},"type":"binary-expr","locations":[{"start":{"line":27,"column":20},"end":{"line":27,"column":27}},{"start":{"line":27,"column":20},"end":{"line":29,"column":28}}],"line":27},"7":{"loc":{"start":{"line":31,"column":33},"end":{"line":31,"column":null}},"type":"binary-expr","locations":[{"start":{"line":31,"column":33},"end":{"line":31,"column":38}},{"start":{"line":31,"column":33},"end":{"line":31,"column":null}}],"line":31},"8":{"loc":{"start":{"line":41,"column":27},"end":{"line":42,"column":null}},"type":"cond-expr","locations":[{"start":{"line":41,"column":16},"end":{"line":42,"column":null}},{"start":{"line":42,"column":35},"end":{"line":42,"column":null}}],"line":41},"9":{"loc":{"start":{"line":51,"column":30},"end":{"line":59,"column":null}},"type":"cond-expr","locations":[{"start":{"line":50,"column":20},"end":{"line":59,"column":null}},{"start":{"line":59,"column":26},"end":{"line":59,"column":null}}],"line":51},"10":{"loc":{"start":{"line":59,"column":26},"end":{"line":59,"column":null}},"type":"binary-expr","locations":[{"start":{"line":59,"column":26},"end":{"line":59,"column":null}},{"start":{"line":59,"column":26},"end":{"line":59,"column":null}}],"line":59},"11":{"loc":{"start":{"line":60,"column":23},"end":{"line":60,"column":null}},"type":"cond-expr","locations":[{"start":{"line":60,"column":32},"end":{"line":60,"column":null}},{"start":{"line":60,"column":32},"end":{"line":60,"column":null}}],"line":60}},"s":{"0":5,"1":5,"2":5,"3":5,"4":5,"5":4,"6":4,"7":4,"8":4,"9":2,"10":1,"11":1,"12":1,"13":3,"14":1,"15":1,"16":20,"17":4,"18":4},"f":{"0":4,"1":4,"2":4},"b":{"0":[1,1],"1":[1,0],"2":[1,0],"3":[20,5],"4":[20,5],"5":[20,5],"6":[20,5],"7":[20,5],"8":[2,18],"9":[4,16],"10":[4,4],"11":[4,16]},"meta":{"lastBranch":12,"lastFunction":3,"lastStatement":19,"seen":{"s:72:15:72:25":0,"s:73:18:73:Infinity":1,"s:74:21:74:Infinity":2,"s:76:13:79:Infinity":3,"s:81:20:97:Infinity":4,"f:81:20:81:32":0,"s:82:4:82:Infinity":5,"s:83:4:83:Infinity":6,"s:85:4:96:Infinity":7,"s:86:23:86:Infinity":8,"b:87:8:91:Infinity:89:15:91:Infinity":0,"s:87:8:91:Infinity":9,"s:88:12:88:Infinity":10,"s:90:12:90:Infinity":11,"b:90:33:90:51:90:51:90:Infinity":1,"s:93:8:93:Infinity":12,"b:93:29:93:62:93:62:93:Infinity":2,"s:95:8:95:Infinity":13,"s:2:9:2:Infinity":14,"s:3:13:3:Infinity":15,"s:2:4:60:Infinity":16,"b:5:12:5:17:5:12:7:79":3,"b:13:20:13:27:13:20:15:28":4,"b:17:33:17:38:17:33:17:Infinity":5,"f:17:33:17:38":1,"s:17:33:17:Infinity":17,"b:27:20:27:27:27:20:29:28":6,"b:31:33:31:38:31:33:31:Infinity":7,"f:31:33:31:38":2,"s:31:33:31:Infinity":18,"b:41:16:42:Infinity:42:35:42:Infinity":8,"b:50:20:59:Infinity:59:26:59:Infinity":9,"b:59:26:59:Infinity:59:26:59:Infinity":10,"b:60:32:60:Infinity:60:32:60:Infinity":11},"fnNames":{}}}
,"E:\\PROJECT\\Booking\\frontend\\src\\components\\BookingForm.vue": {"path":"E:\\PROJECT\\Booking\\frontend\\src\\components\\BookingForm.vue","statementMap":{"0":{"start":{"line":4,"column":13},"end":{"line":4,"column":null}},"1":{"start":{"line":9,"column":13},"end":{"line":9,"column":null}},"2":{"start":{"line":11,"column":21},"end":{"line":11,"column":null}},"3":{"start":{"line":12,"column":22},"end":{"line":12,"column":null}},"4":{"start":{"line":15,"column":20},"end":{"line":19,"column":null}},"5":{"start":{"line":16,"column":4},"end":{"line":18,"column":null}},"6":{"start":{"line":21,"column":6},"end":{"line":29,"column":null}},"7":{"start":{"line":23,"column":4},"end":{"line":23,"column":null}},"8":{"start":{"line":23,"column":50},"end":{"line":23,"column":null}},"9":{"start":{"line":25,"column":4},"end":{"line":28,"column":null}},"10":{"start":{"line":33,"column":9},"end":{"line":33,"column":null}},"11":{"start":{"line":38,"column":18},"end":{"line":38,"column":null}},"12":{"start":{"line":42,"column":60},"end":{"line":42,"column":81}},"13":{"start":{"line":46,"column":18},"end":{"line":46,"column":null}},"14":{"start":{"line":33,"column":4},"end":{"line":77,"column":null}},"15":{"start":{"line":51,"column":29},"end":{"line":51,"column":null}},"16":{"start":{"line":61,"column":21},"end":{"line":61,"column":null}}},"fnMap":{"0":{"name":"(anonymous_0)","decl":{"start":{"line":15,"column":20},"end":{"line":15,"column":35}},"loc":{"start":{"line":15,"column":35},"end":{"line":19,"column":1}},"line":15},"1":{"name":"(anonymous_1)","decl":{"start":{"line":21,"column":6},"end":{"line":21,"column":27}},"loc":{"start":{"line":21,"column":27},"end":{"line":29,"column":null}},"line":21},"2":{"name":"(anonymous_2)","decl":{"start":{"line":51,"column":29},"end":{"line":51,"column":41}},"loc":{"start":{"line":51,"column":29},"end":{"line":51,"column":null}},"line":51},"3":{"name":"(anonymous_3)","decl":{"start":{"line":61,"column":21},"end":{"line":61,"column":34}},"loc":{"start":{"line":61,"column":21},"end":{"line":61,"column":null}},"line":61}},"branchMap":{"0":{"loc":{"start":{"line":16,"column":11},"end":{"line":18,"column":null}},"type":"binary-expr","locations":[{"start":{"line":16,"column":11},"end":{"line":16,"column":null}},{"start":{"line":17,"column":12},"end":{"line":17,"column":null}},{"start":{"line":18,"column":12},"end":{"line":18,"column":null}}],"line":16},"1":{"loc":{"start":{"line":23,"column":4},"end":{"line":23,"column":null}},"type":"if","locations":[{"start":{"line":23,"column":4},"end":{"line":23,"column":null}},{"start":{},"end":{}}],"line":23},"2":{"loc":{"start":{"line":23,"column":8},"end":{"line":23,"column":50}},"type":"binary-expr","locations":[{"start":{"line":23,"column":8},"end":{"line":23,"column":30}},{"start":{"line":23,"column":30},"end":{"line":23,"column":50}}],"line":23},"3":{"loc":{"start":{"line":34,"column":8},"end":{"line":34,"column":84}},"type":"binary-expr","locations":[{"start":{"line":34,"column":8},"end":{"line":34,"column":12}},{"start":{"line":34,"column":8},"end":{"line":34,"column":84}}],"line":34},"4":{"loc":{"start":{"line":39,"column":16},"end":{"line":42,"column":38}},"type":"binary-expr","locations":[{"start":{"line":39,"column":16},"end":{"line":39,"column":21}},{"start":{"line":39,"column":16},"end":{"line":42,"column":38}}],"line":39},"5":{"loc":{"start":{"line":42,"column":24},"end":{"line":43,"column":85}},"type":"cond-expr","locations":[{"start":{"line":42,"column":12},"end":{"line":42,"column":105}},{"start":{"line":43,"column":12},"end":{"line":43,"column":85}}],"line":42},"6":{"loc":{"start":{"line":42,"column":38},"end":{"line":42,"column":60}},"type":"binary-expr","locations":[{"start":{"line":42,"column":38},"end":{"line":42,"column":52}},{"start":{"line":42,"column":38},"end":{"line":42,"column":60}}],"line":42},"7":{"loc":{"start":{"line":48,"column":20},"end":{"line":48,"column":113}},"type":"binary-expr","locations":[{"start":{"line":48,"column":20},"end":{"line":48,"column":27}},{"start":{"line":48,"column":20},"end":{"line":48,"column":113}}],"line":48},"8":{"loc":{"start":{"line":51,"column":29},"end":{"line":51,"column":null}},"type":"binary-expr","locations":[{"start":{"line":51,"column":29},"end":{"line":51,"column":41}},{"start":{"line":51,"column":29},"end":{"line":51,"column":null}}],"line":51},"9":{"loc":{"start":{"line":58,"column":10},"end":{"line":58,"column":104}},"type":"binary-expr","locations":[{"start":{"line":58,"column":10},"end":{"line":58,"column":17}},{"start":{"line":58,"column":10},"end":{"line":58,"column":104}}],"line":58},"10":{"loc":{"start":{"line":61,"column":21},"end":{"line":61,"column":null}},"type":"binary-expr","locations":[{"start":{"line":61,"column":21},"end":{"line":61,"column":34}},{"start":{"line":61,"column":21},"end":{"line":61,"column":null}}],"line":61},"11":{"loc":{"start":{"line":71,"column":22},"end":{"line":71,"column":null}},"type":"binary-expr","locations":[{"start":{"line":71,"column":22},"end":{"line":71,"column":40}},{"start":{"line":71,"column":40},"end":{"line":71,"column":null}}],"line":71},"12":{"loc":{"start":{"line":73,"column":21},"end":{"line":73,"column":null}},"type":"cond-expr","locations":[{"start":{"line":73,"column":37},"end":{"line":73,"column":null}},{"start":{"line":73,"column":37},"end":{"line":73,"column":null}}],"line":73},"13":{"loc":{"start":{"line":73,"column":21},"end":{"line":73,"column":null}},"type":"binary-expr","locations":[{"start":{"line":73,"column":21},"end":{"line":73,"column":32}},{"start":{"line":73,"column":32},"end":{"line":73,"column":null}}],"line":73},"14":{"loc":{"start":{"line":77,"column":16},"end":{"line":77,"column":null}},"type":"cond-expr","locations":[{"start":{"line":77,"column":28},"end":{"line":77,"column":null}},{"start":{"line":77,"column":28},"end":{"line":77,"column":null}}],"line":77}},"s":{"0":2,"1":2,"2":2,"3":2,"4":2,"5":6,"6":2,"7":0,"8":0,"9":0,"10":1,"11":1,"12":1,"13":1,"14":6,"15":2,"16":2},"f":{"0":6,"1":0,"2":2,"3":2},"b":{"0":[6,4,2],"1":[0,0],"2":[0,0],"3":[6,2],"4":[6,2],"5":[3,3],"6":[3,1],"7":[6,2],"8":[6,2],"9":[6,2],"10":[6,2],"11":[6,1],"12":[1,5],"13":[6,1],"14":[0,6]},"meta":{"lastBranch":15,"lastFunction":4,"lastStatement":17,"seen":{"s:4:13:4:Infinity":0,"s:9:13:9:Infinity":1,"s:11:21:11:Infinity":2,"s:12:22:12:Infinity":3,"s:15:20:19:Infinity":4,"f:15:20:15:35":0,"s:16:4:18:Infinity":5,"b:16:11:16:Infinity:17:12:17:Infinity:18:12:18:Infinity":0,"s:21:6:29:Infinity":6,"f:21:6:21:27":1,"b:23:4:23:Infinity:undefined:undefined:undefined:undefined":1,"s:23:4:23:Infinity":7,"b:23:8:23:30:23:30:23:50":2,"s:23:50:23:Infinity":8,"s:25:4:28:Infinity":9,"s:33:9:33:Infinity":10,"s:38:18:38:Infinity":11,"s:42:60:42:81":12,"s:46:18:46:Infinity":13,"s:33:4:77:Infinity":14,"b:34:8:34:12:34:8:34:84":3,"b:39:16:39:21:39:16:42:38":4,"b:42:12:42:105:43:12:43:85":5,"b:42:38:42:52:42:38:42:60":6,"b:48:20:48:27:48:20:48:113":7,"b:51:29:51:41:51:29:51:Infinity":8,"f:51:29:51:41":2,"s:51:29:51:Infinity":15,"b:58:10:58:17:58:10:58:104":9,"b:61:21:61:34:61:21:61:Infinity":10,"f:61:21:61:34":3,"s:61:21:61:Infinity":16,"b:71:22:71:40:71:40:71:Infinity":11,"b:73:37:73:Infinity:73:37:73:Infinity":12,"b:73:21:73:32:73:32:73:Infinity":13,"b:77:28:77:Infinity:77:28:77:Infinity":14},"fnNames":{}}}
,"E:\\PROJECT\\Booking\\frontend\\src\\components\\HolidayManager.vue": {"path":"E:\\PROJECT\\Booking\\frontend\\src\\components\\HolidayManager.vue","statementMap":{"0":{"start":{"line":12,"column":17},"end":{"line":12,"column":null}},"1":{"start":{"line":13,"column":18},"end":{"line":13,"column":null}},"2":{"start":{"line":14,"column":17},"end":{"line":14,"column":null}},"3":{"start":{"line":15,"column":21},"end":{"line":15,"column":null}},"4":{"start":{"line":16,"column":23},"end":{"line":16,"column":null}},"5":{"start":{"line":17,"column":21},"end":{"line":17,"column":null}},"6":{"start":{"line":20,"column":16},"end":{"line":20,"column":null}},"7":{"start":{"line":21,"column":18},"end":{"line":21,"column":null}},"8":{"start":{"line":24,"column":6},"end":{"line":34,"column":null}},"9":{"start":{"line":26,"column":21},"end":{"line":26,"column":null}},"10":{"start":{"line":27,"column":31},"end":{"line":27,"column":null}},"11":{"start":{"line":28,"column":17},"end":{"line":28,"column":null}},"12":{"start":{"line":29,"column":4},"end":{"line":33,"column":null}},"13":{"start":{"line":36,"column":22},"end":{"line":46,"column":null}},"14":{"start":{"line":37,"column":4},"end":{"line":37,"column":null}},"15":{"start":{"line":38,"column":4},"end":{"line":45,"column":null}},"16":{"start":{"line":39,"column":20},"end":{"line":39,"column":null}},"17":{"start":{"line":40,"column":8},"end":{"line":40,"column":null}},"18":{"start":{"line":42,"column":8},"end":{"line":42,"column":null}},"19":{"start":{"line":44,"column":8},"end":{"line":44,"column":null}},"20":{"start":{"line":48,"column":18},"end":{"line":69,"column":null}},"21":{"start":{"line":49,"column":4},"end":{"line":52,"column":null}},"22":{"start":{"line":50,"column":8},"end":{"line":50,"column":null}},"23":{"start":{"line":51,"column":8},"end":{"line":51,"column":null}},"24":{"start":{"line":53,"column":4},"end":{"line":53,"column":null}},"25":{"start":{"line":54,"column":4},"end":{"line":54,"column":null}},"26":{"start":{"line":55,"column":4},"end":{"line":55,"column":null}},"27":{"start":{"line":57,"column":4},"end":{"line":68,"column":null}},"28":{"start":{"line":58,"column":8},"end":{"line":58,"column":null}},"29":{"start":{"line":59,"column":8},"end":{"line":59,"column":null}},"30":{"start":{"line":60,"column":8},"end":{"line":60,"column":null}},"31":{"start":{"line":61,"column":8},"end":{"line":61,"column":null}},"32":{"start":{"line":62,"column":8},"end":{"line":62,"column":null}},"33":{"start":{"line":63,"column":8},"end":{"line":63,"column":null}},"34":{"start":{"line":63,"column":26},"end":{"line":63,"column":54}},"35":{"start":{"line":65,"column":8},"end":{"line":65,"column":null}},"36":{"start":{"line":67,"column":8},"end":{"line":67,"column":null}},"37":{"start":{"line":71,"column":21},"end":{"line":89,"column":null}},"38":{"start":{"line":73,"column":4},"end":{"line":73,"column":null}},"39":{"start":{"line":73,"column":73},"end":{"line":73,"column":null}},"40":{"start":{"line":75,"column":4},"end":{"line":75,"column":null}},"41":{"start":{"line":76,"column":4},"end":{"line":76,"column":null}},"42":{"start":{"line":77,"column":4},"end":{"line":77,"column":null}},"43":{"start":{"line":79,"column":4},"end":{"line":88,"column":null}},"44":{"start":{"line":80,"column":8},"end":{"line":80,"column":null}},"45":{"start":{"line":81,"column":8},"end":{"line":81,"column":null}},"46":{"start":{"line":82,"column":8},"end":{"line":82,"column":null}},"47":{"start":{"line":82,"column":54},"end":{"line":82,"column":69}},"48":{"start":{"line":83,"column":8},"end":{"line":83,"column":null}},"49":{"start":{"line":83,"column":26},"end":{"line":83,"column":54}},"50":{"start":{"line":85,"column":8},"end":{"line":85,"column":null}},"51":{"start":{"line":87,"column":8},"end":{"line":87,"column":null}},"52":{"start":{"line":91,"column":0},"end":{"line":91,"column":null}},"53":{"start":{"line":107,"column":14},"end":{"line":107,"column":38}},"54":{"start":{"line":116,"column":14},"end":{"line":116,"column":38}},"55":{"start":{"line":120,"column":9},"end":{"line":120,"column":null}},"56":{"start":{"line":130,"column":13},"end":{"line":130,"column":null}},"57":{"start":{"line":133,"column":17},"end":{"line":133,"column":null}},"58":{"start":{"line":180,"column":17},"end":{"line":180,"column":null}},"59":{"start":{"line":200,"column":28},"end":{"line":200,"column":null}},"60":{"start":{"line":211,"column":31},"end":{"line":211,"column":null}},"61":{"start":{"line":217,"column":36},"end":{"line":217,"column":null}},"62":{"start":{"line":220,"column":36},"end":{"line":220,"column":null}},"63":{"start":{"line":223,"column":36},"end":{"line":223,"column":null}},"64":{"start":{"line":143,"column":37},"end":{"line":143,"column":null}},"65":{"start":{"line":156,"column":37},"end":{"line":156,"column":null}},"66":{"start":{"line":185,"column":20},"end":{"line":185,"column":98}},"67":{"start":{"line":212,"column":28},"end":{"line":231,"column":null}},"68":{"start":{"line":225,"column":48},"end":{"line":225,"column":null}}},"fnMap":{"0":{"name":"(anonymous_0)","decl":{"start":{"line":24,"column":6},"end":{"line":24,"column":20}},"loc":{"start":{"line":24,"column":40},"end":{"line":34,"column":null}},"line":24},"1":{"name":"(anonymous_1)","decl":{"start":{"line":36,"column":22},"end":{"line":36,"column":34}},"loc":{"start":{"line":36,"column":34},"end":{"line":46,"column":null}},"line":36},"2":{"name":"(anonymous_2)","decl":{"start":{"line":48,"column":18},"end":{"line":48,"column":30}},"loc":{"start":{"line":48,"column":30},"end":{"line":69,"column":null}},"line":48},"3":{"name":"(anonymous_3)","decl":{"start":{"line":63,"column":8},"end":{"line":63,"column":26}},"loc":{"start":{"line":63,"column":26},"end":{"line":63,"column":54}},"line":63},"4":{"name":"(anonymous_4)","decl":{"start":{"line":71,"column":21},"end":{"line":71,"column":28}},"loc":{"start":{"line":71,"column":45},"end":{"line":89,"column":null}},"line":71},"5":{"name":"(anonymous_5)","decl":{"start":{"line":82,"column":40},"end":{"line":82,"column":48}},"loc":{"start":{"line":82,"column":54},"end":{"line":82,"column":69}},"line":82},"6":{"name":"(anonymous_6)","decl":{"start":{"line":83,"column":8},"end":{"line":83,"column":26}},"loc":{"start":{"line":83,"column":26},"end":{"line":83,"column":54}},"line":83},"7":{"name":"(anonymous_7)","decl":{"start":{"line":143,"column":37},"end":{"line":143,"column":44}},"loc":{"start":{"line":143,"column":37},"end":{"line":143,"column":null}},"line":143},"8":{"name":"(anonymous_8)","decl":{"start":{"line":156,"column":37},"end":{"line":156,"column":46}},"loc":{"start":{"line":156,"column":37},"end":{"line":156,"column":null}},"line":156},"9":{"name":"(anonymous_9)","decl":{"start":{"line":185,"column":37},"end":{"line":185,"column":41}},"loc":{"start":{"line":185,"column":33},"end":{"line":185,"column":98}},"line":185},"10":{"name":"(anonymous_10)","decl":{"start":{"line":213,"column":50},"end":{"line":213,"column":null}},"loc":{"start":{"line":213,"column":46},"end":{"line":231,"column":null}},"line":213},"11":{"name":"(anonymous_11)","decl":{"start":{"line":225,"column":41},"end":{"line":225,"column":46}},"loc":{"start":{"line":225,"column":48},"end":{"line":225,"column":null}},"line":225}},"branchMap":{"0":{"loc":{"start":{"line":40,"column":25},"end":{"line":40,"column":null}},"type":"binary-expr","locations":[{"start":{"line":40,"column":25},"end":{"line":40,"column":37}},{"start":{"line":40,"column":37},"end":{"line":40,"column":null}}],"line":40},"1":{"loc":{"start":{"line":49,"column":4},"end":{"line":52,"column":null}},"type":"if","locations":[{"start":{"line":49,"column":4},"end":{"line":52,"column":null}},{"start":{},"end":{}}],"line":49},"2":{"loc":{"start":{"line":65,"column":29},"end":{"line":65,"column":null}},"type":"binary-expr","locations":[{"start":{"line":65,"column":29},"end":{"line":65,"column":60}},{"start":{"line":65,"column":60},"end":{"line":65,"column":null}}],"line":65},"3":{"loc":{"start":{"line":73,"column":4},"end":{"line":73,"column":null}},"type":"if","locations":[{"start":{"line":73,"column":4},"end":{"line":73,"column":null}},{"start":{},"end":{}}],"line":73},"4":{"loc":{"start":{"line":96,"column":4},"end":{"line":98,"column":87}},"type":"binary-expr","locations":[{"start":{"line":96,"column":4},"end":{"line":96,"column":9}},{"start":{"line":96,"column":4},"end":{"line":98,"column":87}}],"line":96},"5":{"loc":{"start":{"line":103,"column":14},"end":{"line":107,"column":62}},"type":"cond-expr","locations":[{"start":{"line":102,"column":4},"end":{"line":107,"column":62}},{"start":{"line":107,"column":52},"end":{"line":107,"column":62}}],"line":103},"6":{"loc":{"start":{"line":106,"column":8},"end":{"line":106,"column":98}},"type":"binary-expr","locations":[{"start":{"line":106,"column":8},"end":{"line":106,"column":14}},{"start":{"line":106,"column":8},"end":{"line":106,"column":98}}],"line":106},"7":{"loc":{"start":{"line":112,"column":14},"end":{"line":116,"column":60}},"type":"cond-expr","locations":[{"start":{"line":111,"column":4},"end":{"line":116,"column":60}},{"start":{"line":116,"column":50},"end":{"line":116,"column":60}}],"line":112},"8":{"loc":{"start":{"line":115,"column":8},"end":{"line":115,"column":91}},"type":"binary-expr","locations":[{"start":{"line":115,"column":8},"end":{"line":115,"column":14}},{"start":{"line":115,"column":8},"end":{"line":115,"column":91}}],"line":115},"9":{"loc":{"start":{"line":123,"column":8},"end":{"line":127,"column":87}},"type":"binary-expr","locations":[{"start":{"line":123,"column":8},"end":{"line":123,"column":13}},{"start":{"line":123,"column":8},"end":{"line":127,"column":87}}],"line":123},"10":{"loc":{"start":{"line":134,"column":16},"end":{"line":134,"column":83}},"type":"binary-expr","locations":[{"start":{"line":134,"column":16},"end":{"line":134,"column":20}},{"start":{"line":134,"column":16},"end":{"line":134,"column":83}}],"line":134},"11":{"loc":{"start":{"line":138,"column":24},"end":{"line":141,"column":null}},"type":"binary-expr","locations":[{"start":{"line":138,"column":24},"end":{"line":138,"column":31}},{"start":{"line":138,"column":24},"end":{"line":141,"column":null}}],"line":138},"12":{"loc":{"start":{"line":143,"column":37},"end":{"line":143,"column":null}},"type":"binary-expr","locations":[{"start":{"line":143,"column":37},"end":{"line":143,"column":44}},{"start":{"line":143,"column":37},"end":{"line":143,"column":null}}],"line":143},"13":{"loc":{"start":{"line":151,"column":24},"end":{"line":154,"column":null}},"type":"binary-expr","locations":[{"start":{"line":151,"column":24},"end":{"line":151,"column":31}},{"start":{"line":151,"column":24},"end":{"line":154,"column":null}}],"line":151},"14":{"loc":{"start":{"line":156,"column":37},"end":{"line":156,"column":null}},"type":"binary-expr","locations":[{"start":{"line":156,"column":37},"end":{"line":156,"column":46}},{"start":{"line":156,"column":37},"end":{"line":156,"column":null}}],"line":156},"15":{"loc":{"start":{"line":172,"column":28},"end":{"line":172,"column":76}},"type":"cond-expr","locations":[{"start":{"line":172,"column":36},"end":{"line":172,"column":76}},{"start":{"line":172,"column":36},"end":{"line":172,"column":76}}],"line":172},"16":{"loc":{"start":{"line":173,"column":27},"end":{"line":173,"column":null}},"type":"cond-expr","locations":[{"start":{"line":173,"column":35},"end":{"line":173,"column":null}},{"start":{"line":173,"column":35},"end":{"line":173,"column":null}}],"line":173},"17":{"loc":{"start":{"line":181,"column":16},"end":{"line":181,"column":84}},"type":"binary-expr","locations":[{"start":{"line":181,"column":16},"end":{"line":181,"column":20}},{"start":{"line":181,"column":16},"end":{"line":181,"column":84}}],"line":181},"18":{"loc":{"start":{"line":184,"column":27},"end":{"line":231,"column":null}},"type":"cond-expr","locations":[{"start":{"line":184,"column":16},"end":{"line":190,"column":40}},{"start":{"line":190,"column":31},"end":{"line":231,"column":null}}],"line":184},"19":{"loc":{"start":{"line":190,"column":31},"end":{"line":231,"column":null}},"type":"cond-expr","locations":[{"start":{"line":189,"column":16},"end":{"line":200,"column":28}},{"start":{"line":200,"column":16},"end":{"line":231,"column":null}}],"line":190},"20":{"loc":{"start":{"line":189,"column":16},"end":{"line":196,"column":78}},"type":"binary-expr","locations":[{"start":{"line":189,"column":16},"end":{"line":189,"column":null}},{"start":{"line":189,"column":16},"end":{"line":196,"column":78}}],"line":189},"21":{"loc":{"start":{"line":202,"column":24},"end":{"line":211,"column":31}},"type":"binary-expr","locations":[{"start":{"line":202,"column":24},"end":{"line":202,"column":null}},{"start":{"line":202,"column":24},"end":{"line":211,"column":31}}],"line":202},"22":{"loc":{"start":{"line":221,"column":39},"end":{"line":221,"column":null}},"type":"binary-expr","locations":[{"start":{"line":221,"column":39},"end":{"line":221,"column":53}},{"start":{"line":221,"column":53},"end":{"line":221,"column":null}}],"line":221},"23":{"loc":{"start":{"line":231,"column":47},"end":{"line":231,"column":null}},"type":"cond-expr","locations":[{"start":{"line":231,"column":76},"end":{"line":231,"column":null}},{"start":{"line":231,"column":76},"end":{"line":231,"column":null}}],"line":231}},"s":{"0":5,"1":5,"2":5,"3":5,"4":5,"5":5,"6":5,"7":5,"8":5,"9":10,"10":10,"11":10,"12":10,"13":5,"14":6,"15":6,"16":6,"17":6,"18":0,"19":6,"20":5,"21":2,"22":1,"23":1,"24":1,"25":1,"26":1,"27":1,"28":1,"29":1,"30":1,"31":1,"32":1,"33":1,"34":0,"35":0,"36":1,"37":5,"38":2,"39":1,"40":1,"41":1,"42":1,"43":1,"44":1,"45":1,"46":1,"47":1,"48":1,"49":0,"50":0,"51":1,"52":5,"53":1,"54":1,"55":1,"56":1,"57":1,"58":1,"59":1,"60":1,"61":1,"62":1,"63":1,"64":1,"65":1,"66":18,"67":3,"68":2},"f":{"0":10,"1":6,"2":2,"3":0,"4":2,"5":1,"6":0,"7":1,"8":1,"9":18,"10":3,"11":2},"b":{"0":[6,0],"1":[1,1],"2":[0,0],"3":[1,1],"4":[17,5],"5":[4,13],"6":[4,2],"7":[1,16],"8":[1,1],"9":[17,5],"10":[17,5],"11":[17,5],"12":[17,5],"13":[17,5],"14":[17,5],"15":[3,14],"16":[3,14],"17":[17,5],"18":[6,11],"19":[8,3],"20":[8,4],"21":[3,2],"22":[3,0],"23":[1,2]},"meta":{"lastBranch":24,"lastFunction":12,"lastStatement":69,"seen":{"s:12:17:12:Infinity":0,"s:13:18:13:Infinity":1,"s:14:17:14:Infinity":2,"s:15:21:15:Infinity":3,"s:16:23:16:Infinity":4,"s:17:21:17:Infinity":5,"s:20:16:20:Infinity":6,"s:21:18:21:Infinity":7,"s:24:6:34:Infinity":8,"f:24:6:24:20":0,"s:26:21:26:Infinity":9,"s:27:31:27:Infinity":10,"s:28:17:28:Infinity":11,"s:29:4:33:Infinity":12,"s:36:22:46:Infinity":13,"f:36:22:36:34":1,"s:37:4:37:Infinity":14,"s:38:4:45:Infinity":15,"s:39:20:39:Infinity":16,"s:40:8:40:Infinity":17,"b:40:25:40:37:40:37:40:Infinity":0,"s:42:8:42:Infinity":18,"s:44:8:44:Infinity":19,"s:48:18:69:Infinity":20,"f:48:18:48:30":2,"b:49:4:52:Infinity:undefined:undefined:undefined:undefined":1,"s:49:4:52:Infinity":21,"s:50:8:50:Infinity":22,"s:51:8:51:Infinity":23,"s:53:4:53:Infinity":24,"s:54:4:54:Infinity":25,"s:55:4:55:Infinity":26,"s:57:4:68:Infinity":27,"s:58:8:58:Infinity":28,"s:59:8:59:Infinity":29,"s:60:8:60:Infinity":30,"s:61:8:61:Infinity":31,"s:62:8:62:Infinity":32,"s:63:8:63:Infinity":33,"f:63:8:63:26":3,"s:63:26:63:54":34,"s:65:8:65:Infinity":35,"b:65:29:65:60:65:60:65:Infinity":2,"s:67:8:67:Infinity":36,"s:71:21:89:Infinity":37,"f:71:21:71:28":4,"b:73:4:73:Infinity:undefined:undefined:undefined:undefined":3,"s:73:4:73:Infinity":38,"s:73:73:73:Infinity":39,"s:75:4:75:Infinity":40,"s:76:4:76:Infinity":41,"s:77:4:77:Infinity":42,"s:79:4:88:Infinity":43,"s:80:8:80:Infinity":44,"s:81:8:81:Infinity":45,"s:82:8:82:Infinity":46,"f:82:40:82:48":5,"s:82:54:82:69":47,"s:83:8:83:Infinity":48,"f:83:8:83:26":6,"s:83:26:83:54":49,"s:85:8:85:Infinity":50,"s:87:8:87:Infinity":51,"s:91:0:91:Infinity":52,"s:107:14:107:38":53,"s:116:14:116:38":54,"s:120:9:120:Infinity":55,"s:130:13:130:Infinity":56,"s:133:17:133:Infinity":57,"s:180:17:180:Infinity":58,"s:200:28:200:Infinity":59,"s:211:31:211:Infinity":60,"s:217:36:217:Infinity":61,"s:220:36:220:Infinity":62,"s:223:36:223:Infinity":63,"b:96:4:96:9:96:4:98:87":4,"b:102:4:107:62:107:52:107:62":5,"b:106:8:106:14:106:8:106:98":6,"b:111:4:116:60:116:50:116:60":7,"b:115:8:115:14:115:8:115:91":8,"b:123:8:123:13:123:8:127:87":9,"b:134:16:134:20:134:16:134:83":10,"b:138:24:138:31:138:24:141:Infinity":11,"b:143:37:143:44:143:37:143:Infinity":12,"f:143:37:143:44":7,"s:143:37:143:Infinity":64,"b:151:24:151:31:151:24:154:Infinity":13,"b:156:37:156:46:156:37:156:Infinity":14,"f:156:37:156:46":8,"s:156:37:156:Infinity":65,"b:172:36:172:76:172:36:172:76":15,"b:173:35:173:Infinity:173:35:173:Infinity":16,"b:181:16:181:20:181:16:181:84":17,"b:184:16:190:40:190:31:231:Infinity":18,"f:185:37:185:41":9,"s:185:20:185:98":66,"b:189:16:200:28:200:16:231:Infinity":19,"b:189:16:189:Infinity:189:16:196:78":20,"b:202:24:202:Infinity:202:24:211:31":21,"f:213:50:213:Infinity":10,"s:212:28:231:Infinity":67,"b:221:39:221:53:221:53:221:Infinity":22,"f:225:41:225:46":11,"s:225:48:225:Infinity":68,"b:231:76:231:Infinity:231:76:231:Infinity":23},"fnNames":{}}}
,"E:\\PROJECT\\Booking\\frontend\\src\\components\\ScheduleGrid.vue": {"path":"E:\\PROJECT\\Booking\\frontend\\src\\components\\ScheduleGrid.vue","statementMap":{"0":{"start":{"line":8,"column":14},"end":{"line":8,"column":null}},"1":{"start":{"line":9,"column":18},"end":{"line":9,"column":null}},"2":{"start":{"line":10,"column":17},"end":{"line":10,"column":null}},"3":{"start":{"line":11,"column":21},"end":{"line":11,"column":null}},"4":{"start":{"line":12,"column":13},"end":{"line":12,"column":null}},"5":{"start":{"line":17,"column":0},"end":{"line":42,"column":null}},"6":{"start":{"line":18,"column":4},"end":{"line":41,"column":null}},"7":{"start":{"line":19,"column":25},"end":{"line":19,"column":null}},"8":{"start":{"line":20,"column":20},"end":{"line":20,"column":null}},"9":{"start":{"line":21,"column":28},"end":{"line":21,"column":null}},"10":{"start":{"line":22,"column":30},"end":{"line":22,"column":null}},"11":{"start":{"line":23,"column":28},"end":{"line":23,"column":null}},"12":{"start":{"line":24,"column":8},"end":{"line":24,"column":null}},"13":{"start":{"line":26,"column":8},"end":{"line":35,"column":null}},"14":{"start":{"line":27,"column":4},"end":{"line":32,"column":null}},"15":{"start":{"line":28,"column":8},"end":{"line":31,"column":null}},"16":{"start":{"line":34,"column":4},"end":{"line":34,"column":null}},"17":{"start":{"line":38,"column":8},"end":{"line":38,"column":null}},"18":{"start":{"line":40,"column":8},"end":{"line":40,"column":null}},"19":{"start":{"line":48,"column":9},"end":{"line":48,"column":null}},"20":{"start":{"line":57,"column":36},"end":{"line":57,"column":null}},"21":{"start":{"line":67,"column":24},"end":{"line":67,"column":null}},"22":{"start":{"line":48,"column":4},"end":{"line":74,"column":null}},"23":{"start":{"line":53,"column":12},"end":{"line":53,"column":97}},"24":{"start":{"line":68,"column":16},"end":{"line":74,"column":null}},"25":{"start":{"line":74,"column":25},"end":{"line":74,"column":48}},"26":{"start":{"line":74,"column":48},"end":{"line":74,"column":null}}},"fnMap":{"0":{"name":"(anonymous_0)","decl":{"start":{"line":17,"column":10},"end":{"line":17,"column":22}},"loc":{"start":{"line":17,"column":22},"end":{"line":42,"column":1}},"line":17},"1":{"name":"(anonymous_1)","decl":{"start":{"line":26,"column":36},"end":{"line":26,"column":41}},"loc":{"start":{"line":26,"column":55},"end":{"line":35,"column":1}},"line":26},"2":{"name":"(anonymous_2)","decl":{"start":{"line":53,"column":29},"end":{"line":53,"column":33}},"loc":{"start":{"line":53,"column":25},"end":{"line":53,"column":97}},"line":53},"3":{"name":"(anonymous_3)","decl":{"start":{"line":69,"column":31},"end":{"line":69,"column":null}},"loc":{"start":{"line":69,"column":27},"end":{"line":74,"column":null}},"line":69},"4":{"name":"(anonymous_4)","decl":{"start":{"line":74,"column":23},"end":{"line":74,"column":25}},"loc":{"start":{"line":74,"column":23},"end":{"line":74,"column":null}},"line":74}},"branchMap":{"0":{"loc":{"start":{"line":27,"column":4},"end":{"line":32,"column":null}},"type":"if","locations":[{"start":{"line":27,"column":4},"end":{"line":32,"column":null}},{"start":{},"end":{}}],"line":27},"1":{"loc":{"start":{"line":49,"column":8},"end":{"line":49,"column":81}},"type":"binary-expr","locations":[{"start":{"line":49,"column":8},"end":{"line":49,"column":12}},{"start":{"line":49,"column":8},"end":{"line":49,"column":81}}],"line":49},"2":{"loc":{"start":{"line":52,"column":20},"end":{"line":74,"column":null}},"type":"cond-expr","locations":[{"start":{"line":52,"column":9},"end":{"line":57,"column":36}},{"start":{"line":57,"column":26},"end":{"line":74,"column":null}}],"line":52},"3":{"loc":{"start":{"line":57,"column":26},"end":{"line":74,"column":null}},"type":"cond-expr","locations":[{"start":{"line":57,"column":10},"end":{"line":62,"column":33}},{"start":{"line":62,"column":27},"end":{"line":74,"column":null}}],"line":57},"4":{"loc":{"start":{"line":62,"column":27},"end":{"line":74,"column":null}},"type":"cond-expr","locations":[{"start":{"line":62,"column":11},"end":{"line":67,"column":24}},{"start":{"line":67,"column":12},"end":{"line":74,"column":null}}],"line":62},"5":{"loc":{"start":{"line":62,"column":11},"end":{"line":64,"column":17}},"type":"binary-expr","locations":[{"start":{"line":62,"column":11},"end":{"line":62,"column":27}},{"start":{"line":62,"column":11},"end":{"line":64,"column":17}}],"line":62},"6":{"loc":{"start":{"line":74,"column":23},"end":{"line":74,"column":null}},"type":"binary-expr","locations":[{"start":{"line":74,"column":23},"end":{"line":74,"column":25}},{"start":{"line":74,"column":23},"end":{"line":74,"column":null}}],"line":74}},"s":{"0":1,"1":1,"2":1,"3":1,"4":1,"5":1,"6":1,"7":1,"8":1,"9":1,"10":1,"11":1,"12":1,"13":1,"14":2,"15":0,"16":2,"17":0,"18":1,"19":1,"20":1,"21":1,"22":2,"23":8,"24":2,"25":0,"26":0},"f":{"0":1,"1":2,"2":8,"3":2,"4":0},"b":{"0":[0,2],"1":[2,1],"2":[1,1],"3":[0,1],"4":[0,1],"5":[0,0],"6":[2,1]},"meta":{"lastBranch":7,"lastFunction":5,"lastStatement":27,"seen":{"s:8:14:8:Infinity":0,"s:9:18:9:Infinity":1,"s:10:17:10:Infinity":2,"s:11:21:11:Infinity":3,"s:12:13:12:Infinity":4,"s:17:0:42:Infinity":5,"f:17:10:17:22":0,"s:18:4:41:Infinity":6,"s:19:25:19:Infinity":7,"s:20:20:20:Infinity":8,"s:21:28:21:Infinity":9,"s:22:30:22:Infinity":10,"s:23:28:23:Infinity":11,"s:24:8:24:Infinity":12,"s:26:8:35:Infinity":13,"f:26:36:26:41":1,"b:27:4:32:Infinity:undefined:undefined:undefined:undefined":0,"s:27:4:32:Infinity":14,"s:28:8:31:Infinity":15,"s:34:4:34:Infinity":16,"s:38:8:38:Infinity":17,"s:40:8:40:Infinity":18,"s:48:9:48:Infinity":19,"s:57:36:57:Infinity":20,"s:67:24:67:Infinity":21,"s:48:4:74:Infinity":22,"b:49:8:49:12:49:8:49:81":1,"b:52:9:57:36:57:26:74:Infinity":2,"f:53:29:53:33":2,"s:53:12:53:97":23,"b:57:10:62:33:62:27:74:Infinity":3,"b:62:11:67:24:67:12:74:Infinity":4,"b:62:11:62:27:62:11:64:17":5,"f:69:31:69:Infinity":3,"s:68:16:74:Infinity":24,"b:74:23:74:25:74:23:74:Infinity":6,"f:74:23:74:25":4,"s:74:25:74:48":25,"s:74:48:74:Infinity":26},"fnNames":{}}}
,"E:\\PROJECT\\Booking\\frontend\\src\\components\\ScheduleManager.vue": {"path":"E:\\PROJECT\\Booking\\frontend\\src\\components\\ScheduleManager.vue","statementMap":{"0":{"start":{"line":13,"column":18},"end":{"line":13,"column":null}},"1":{"start":{"line":16,"column":18},"end":{"line":16,"column":null}},"2":{"start":{"line":17,"column":18},"end":{"line":17,"column":null}},"3":{"start":{"line":18,"column":17},"end":{"line":18,"column":null}},"4":{"start":{"line":19,"column":23},"end":{"line":19,"column":null}},"5":{"start":{"line":20,"column":21},"end":{"line":20,"column":null}},"6":{"start":{"line":23,"column":6},"end":{"line":29,"column":null}},"7":{"start":{"line":24,"column":4},"end":{"line":29,"column":null}},"8":{"start":{"line":24,"column":29},"end":{"line":29,"column":6}},"9":{"start":{"line":31,"column":23},"end":{"line":48,"column":null}},"10":{"start":{"line":32,"column":4},"end":{"line":32,"column":null}},"11":{"start":{"line":33,"column":4},"end":{"line":47,"column":null}},"12":{"start":{"line":34,"column":20},"end":{"line":34,"column":null}},"13":{"start":{"line":35,"column":8},"end":{"line":41,"column":null}},"14":{"start":{"line":37,"column":24},"end":{"line":37,"column":null}},"15":{"start":{"line":37,"column":73},"end":{"line":37,"column":91}},"16":{"start":{"line":38,"column":12},"end":{"line":38,"column":null}},"17":{"start":{"line":38,"column":62},"end":{"line":38,"column":89}},"18":{"start":{"line":40,"column":12},"end":{"line":40,"column":null}},"19":{"start":{"line":43,"column":8},"end":{"line":43,"column":null}},"20":{"start":{"line":44,"column":8},"end":{"line":44,"column":null}},"21":{"start":{"line":46,"column":8},"end":{"line":46,"column":null}},"22":{"start":{"line":50,"column":19},"end":{"line":73,"column":null}},"23":{"start":{"line":51,"column":4},"end":{"line":51,"column":null}},"24":{"start":{"line":52,"column":4},"end":{"line":52,"column":null}},"25":{"start":{"line":53,"column":4},"end":{"line":53,"column":null}},"26":{"start":{"line":56,"column":4},"end":{"line":62,"column":null}},"27":{"start":{"line":57,"column":8},"end":{"line":61,"column":null}},"28":{"start":{"line":58,"column":12},"end":{"line":58,"column":null}},"29":{"start":{"line":59,"column":12},"end":{"line":59,"column":null}},"30":{"start":{"line":60,"column":12},"end":{"line":60,"column":null}},"31":{"start":{"line":64,"column":4},"end":{"line":72,"column":null}},"32":{"start":{"line":65,"column":8},"end":{"line":65,"column":null}},"33":{"start":{"line":66,"column":8},"end":{"line":66,"column":null}},"34":{"start":{"line":67,"column":8},"end":{"line":67,"column":null}},"35":{"start":{"line":67,"column":26},"end":{"line":67,"column":54}},"36":{"start":{"line":69,"column":8},"end":{"line":69,"column":null}},"37":{"start":{"line":71,"column":8},"end":{"line":71,"column":null}},"38":{"start":{"line":75,"column":6},"end":{"line":77,"column":null}},"39":{"start":{"line":76,"column":4},"end":{"line":76,"column":null}},"40":{"start":{"line":79,"column":0},"end":{"line":79,"column":null}},"41":{"start":{"line":95,"column":14},"end":{"line":95,"column":38}},"42":{"start":{"line":104,"column":14},"end":{"line":104,"column":38}},"43":{"start":{"line":108,"column":9},"end":{"line":108,"column":null}},"44":{"start":{"line":124,"column":20},"end":{"line":124,"column":null}},"45":{"start":{"line":125,"column":19},"end":{"line":125,"column":null}},"46":{"start":{"line":134,"column":23},"end":{"line":134,"column":null}},"47":{"start":{"line":142,"column":28},"end":{"line":142,"column":null}},"48":{"start":{"line":147,"column":28},"end":{"line":147,"column":null}},"49":{"start":{"line":158,"column":28},"end":{"line":158,"column":null}},"50":{"start":{"line":169,"column":28},"end":{"line":169,"column":null}},"51":{"start":{"line":191,"column":13},"end":{"line":191,"column":null}},"52":{"start":{"line":120,"column":12},"end":{"line":120,"column":90}},"53":{"start":{"line":135,"column":20},"end":{"line":181,"column":null}},"54":{"start":{"line":149,"column":41},"end":{"line":149,"column":null}},"55":{"start":{"line":160,"column":41},"end":{"line":160,"column":null}},"56":{"start":{"line":175,"column":40},"end":{"line":175,"column":null}}},"fnMap":{"0":{"name":"(anonymous_0)","decl":{"start":{"line":23,"column":6},"end":{"line":23,"column":null}},"loc":{"start":{"line":24,"column":4},"end":{"line":29,"column":null}},"line":24},"1":{"name":"(anonymous_1)","decl":{"start":{"line":24,"column":14},"end":{"line":24,"column":19}},"loc":{"start":{"line":24,"column":29},"end":{"line":29,"column":6}},"line":24},"2":{"name":"(anonymous_2)","decl":{"start":{"line":31,"column":23},"end":{"line":31,"column":35}},"loc":{"start":{"line":31,"column":35},"end":{"line":48,"column":null}},"line":31},"3":{"name":"(anonymous_3)","decl":{"start":{"line":37,"column":52},"end":{"line":37,"column":57}},"loc":{"start":{"line":37,"column":73},"end":{"line":37,"column":91}},"line":37},"4":{"name":"(anonymous_4)","decl":{"start":{"line":38,"column":49},"end":{"line":38,"column":54}},"loc":{"start":{"line":38,"column":62},"end":{"line":38,"column":89}},"line":38},"5":{"name":"(anonymous_5)","decl":{"start":{"line":50,"column":19},"end":{"line":50,"column":31}},"loc":{"start":{"line":50,"column":31},"end":{"line":73,"column":null}},"line":50},"6":{"name":"(anonymous_6)","decl":{"start":{"line":67,"column":8},"end":{"line":67,"column":26}},"loc":{"start":{"line":67,"column":26},"end":{"line":67,"column":54}},"line":67},"7":{"name":"(anonymous_7)","decl":{"start":{"line":75,"column":6},"end":{"line":75,"column":22}},"loc":{"start":{"line":75,"column":40},"end":{"line":77,"column":null}},"line":75},"8":{"name":"(anonymous_8)","decl":{"start":{"line":120,"column":29},"end":{"line":120,"column":33}},"loc":{"start":{"line":120,"column":25},"end":{"line":120,"column":90}},"line":120},"9":{"name":"(anonymous_9)","decl":{"start":{"line":136,"column":52},"end":{"line":136,"column":null}},"loc":{"start":{"line":136,"column":47},"end":{"line":181,"column":null}},"line":136},"10":{"name":"(anonymous_10)","decl":{"start":{"line":149,"column":41},"end":{"line":149,"column":50}},"loc":{"start":{"line":149,"column":41},"end":{"line":149,"column":null}},"line":149},"11":{"name":"(anonymous_11)","decl":{"start":{"line":160,"column":41},"end":{"line":160,"column":50}},"loc":{"start":{"line":160,"column":41},"end":{"line":160,"column":null}},"line":160},"12":{"name":"(anonymous_12)","decl":{"start":{"line":175,"column":33},"end":{"line":175,"column":38}},"loc":{"start":{"line":175,"column":40},"end":{"line":175,"column":null}},"line":175}},"branchMap":{"0":{"loc":{"start":{"line":35,"column":8},"end":{"line":41,"column":null}},"type":"if","locations":[{"start":{"line":35,"column":8},"end":{"line":41,"column":null}},{"start":{"line":39,"column":15},"end":{"line":41,"column":null}}],"line":35},"1":{"loc":{"start":{"line":35,"column":12},"end":{"line":35,"column":45}},"type":"binary-expr","locations":[{"start":{"line":35,"column":12},"end":{"line":35,"column":24}},{"start":{"line":35,"column":24},"end":{"line":35,"column":45}}],"line":35},"2":{"loc":{"start":{"line":38,"column":62},"end":{"line":38,"column":89}},"type":"binary-expr","locations":[{"start":{"line":38,"column":62},"end":{"line":38,"column":86}},{"start":{"line":38,"column":86},"end":{"line":38,"column":89}}],"line":38},"3":{"loc":{"start":{"line":57,"column":8},"end":{"line":61,"column":null}},"type":"if","locations":[{"start":{"line":57,"column":8},"end":{"line":61,"column":null}},{"start":{},"end":{}}],"line":57},"4":{"loc":{"start":{"line":57,"column":12},"end":{"line":57,"column":56}},"type":"binary-expr","locations":[{"start":{"line":57,"column":12},"end":{"line":57,"column":28}},{"start":{"line":57,"column":28},"end":{"line":57,"column":56}}],"line":57},"5":{"loc":{"start":{"line":84,"column":4},"end":{"line":86,"column":92}},"type":"binary-expr","locations":[{"start":{"line":84,"column":4},"end":{"line":84,"column":9}},{"start":{"line":84,"column":4},"end":{"line":86,"column":92}}],"line":84},"6":{"loc":{"start":{"line":91,"column":14},"end":{"line":95,"column":62}},"type":"cond-expr","locations":[{"start":{"line":90,"column":4},"end":{"line":95,"column":62}},{"start":{"line":95,"column":52},"end":{"line":95,"column":62}}],"line":91},"7":{"loc":{"start":{"line":94,"column":8},"end":{"line":94,"column":98}},"type":"binary-expr","locations":[{"start":{"line":94,"column":8},"end":{"line":94,"column":14}},{"start":{"line":94,"column":8},"end":{"line":94,"column":98}}],"line":94},"8":{"loc":{"start":{"line":100,"column":14},"end":{"line":104,"column":60}},"type":"cond-expr","locations":[{"start":{"line":99,"column":4},"end":{"line":104,"column":60}},{"start":{"line":104,"column":50},"end":{"line":104,"column":60}}],"line":100},"9":{"loc":{"start":{"line":103,"column":8},"end":{"line":103,"column":91}},"type":"binary-expr","locations":[{"start":{"line":103,"column":8},"end":{"line":103,"column":14}},{"start":{"line":103,"column":8},"end":{"line":103,"column":91}}],"line":103},"10":{"loc":{"start":{"line":111,"column":8},"end":{"line":115,"column":87}},"type":"binary-expr","locations":[{"start":{"line":111,"column":8},"end":{"line":111,"column":13}},{"start":{"line":111,"column":8},"end":{"line":115,"column":87}}],"line":111},"11":{"loc":{"start":{"line":119,"column":19},"end":{"line":181,"column":null}},"type":"cond-expr","locations":[{"start":{"line":119,"column":8},"end":{"line":124,"column":20}},{"start":{"line":124,"column":8},"end":{"line":181,"column":null}}],"line":119},"12":{"loc":{"start":{"line":126,"column":16},"end":{"line":134,"column":23}},"type":"binary-expr","locations":[{"start":{"line":126,"column":16},"end":{"line":126,"column":null}},{"start":{"line":126,"column":16},"end":{"line":134,"column":23}}],"line":126},"13":{"loc":{"start":{"line":177,"column":40},"end":{"line":177,"column":null}},"type":"cond-expr","locations":[{"start":{"line":177,"column":58},"end":{"line":177,"column":null}},{"start":{"line":177,"column":58},"end":{"line":177,"column":null}}],"line":177},"14":{"loc":{"start":{"line":181,"column":44},"end":{"line":181,"column":null}},"type":"cond-expr","locations":[{"start":{"line":181,"column":62},"end":{"line":181,"column":null}},{"start":{"line":181,"column":62},"end":{"line":181,"column":null}}],"line":181},"15":{"loc":{"start":{"line":194,"column":27},"end":{"line":194,"column":null}},"type":"binary-expr","locations":[{"start":{"line":194,"column":27},"end":{"line":194,"column":39}},{"start":{"line":194,"column":39},"end":{"line":194,"column":null}}],"line":194},"16":{"loc":{"start":{"line":201,"column":20},"end":{"line":201,"column":69}},"type":"cond-expr","locations":[{"start":{"line":201,"column":28},"end":{"line":201,"column":69}},{"start":{"line":201,"column":28},"end":{"line":201,"column":69}}],"line":201},"17":{"loc":{"start":{"line":202,"column":19},"end":{"line":202,"column":null}},"type":"cond-expr","locations":[{"start":{"line":202,"column":27},"end":{"line":202,"column":null}},{"start":{"line":202,"column":27},"end":{"line":202,"column":null}}],"line":202}},"s":{"0":5,"1":5,"2":5,"3":5,"4":5,"5":5,"6":5,"7":4,"8":28,"9":5,"10":5,"11":5,"12":5,"13":4,"14":1,"15":1,"16":1,"17":7,"18":3,"19":0,"20":0,"21":4,"22":5,"23":2,"24":2,"25":2,"26":2,"27":8,"28":1,"29":1,"30":1,"31":1,"32":1,"33":1,"34":1,"35":0,"36":0,"37":1,"38":5,"39":1,"40":5,"41":1,"42":1,"43":1,"44":1,"45":1,"46":1,"47":1,"48":1,"49":1,"50":1,"51":1,"52":35,"53":56,"54":0,"55":0,"56":1},"f":{"0":4,"1":28,"2":5,"3":1,"4":7,"5":2,"6":0,"7":1,"8":35,"9":56,"10":0,"11":0,"12":1},"b":{"0":[1,3],"1":[4,4],"2":[7,6],"3":[1,7],"4":[8,6],"5":[13,5],"6":[1,12],"7":[1,1],"8":[1,12],"9":[1,1],"10":[13,5],"11":[5,8],"12":[8,4],"13":[17,39],"14":[17,39],"15":[13,12],"16":[1,12],"17":[1,12]},"meta":{"lastBranch":18,"lastFunction":13,"lastStatement":57,"seen":{"s:13:18:13:Infinity":0,"s:16:18:16:Infinity":1,"s:17:18:17:Infinity":2,"s:18:17:18:Infinity":3,"s:19:23:19:Infinity":4,"s:20:21:20:Infinity":5,"s:23:6:29:Infinity":6,"f:23:6:23:Infinity":0,"s:24:4:29:Infinity":7,"f:24:14:24:19":1,"s:24:29:29:6":8,"s:31:23:48:Infinity":9,"f:31:23:31:35":2,"s:32:4:32:Infinity":10,"s:33:4:47:Infinity":11,"s:34:20:34:Infinity":12,"b:35:8:41:Infinity:39:15:41:Infinity":0,"s:35:8:41:Infinity":13,"b:35:12:35:24:35:24:35:45":1,"s:37:24:37:Infinity":14,"f:37:52:37:57":3,"s:37:73:37:91":15,"s:38:12:38:Infinity":16,"f:38:49:38:54":4,"s:38:62:38:89":17,"b:38:62:38:86:38:86:38:89":2,"s:40:12:40:Infinity":18,"s:43:8:43:Infinity":19,"s:44:8:44:Infinity":20,"s:46:8:46:Infinity":21,"s:50:19:73:Infinity":22,"f:50:19:50:31":5,"s:51:4:51:Infinity":23,"s:52:4:52:Infinity":24,"s:53:4:53:Infinity":25,"s:56:4:62:Infinity":26,"b:57:8:61:Infinity:undefined:undefined:undefined:undefined":3,"s:57:8:61:Infinity":27,"b:57:12:57:28:57:28:57:56":4,"s:58:12:58:Infinity":28,"s:59:12:59:Infinity":29,"s:60:12:60:Infinity":30,"s:64:4:72:Infinity":31,"s:65:8:65:Infinity":32,"s:66:8:66:Infinity":33,"s:67:8:67:Infinity":34,"f:67:8:67:26":6,"s:67:26:67:54":35,"s:69:8:69:Infinity":36,"s:71:8:71:Infinity":37,"s:75:6:77:Infinity":38,"f:75:6:75:22":7,"s:76:4:76:Infinity":39,"s:79:0:79:Infinity":40,"s:95:14:95:38":41,"s:104:14:104:38":42,"s:108:9:108:Infinity":43,"s:124:20:124:Infinity":44,"s:125:19:125:Infinity":45,"s:134:23:134:Infinity":46,"s:142:28:142:Infinity":47,"s:147:28:147:Infinity":48,"s:158:28:158:Infinity":49,"s:169:28:169:Infinity":50,"s:191:13:191:Infinity":51,"b:84:4:84:9:84:4:86:92":5,"b:90:4:95:62:95:52:95:62":6,"b:94:8:94:14:94:8:94:98":7,"b:99:4:104:60:104:50:104:60":8,"b:103:8:103:14:103:8:103:91":9,"b:111:8:111:13:111:8:115:87":10,"b:119:8:124:20:124:8:181:Infinity":11,"f:120:29:120:33":8,"s:120:12:120:90":52,"b:126:16:126:Infinity:126:16:134:23":12,"f:136:52:136:Infinity":9,"s:135:20:181:Infinity":53,"f:149:41:149:50":10,"s:149:41:149:Infinity":54,"f:160:41:160:50":11,"s:160:41:160:Infinity":55,"f:175:33:175:38":12,"s:175:40:175:Infinity":56,"b:177:58:177:Infinity:177:58:177:Infinity":13,"b:181:62:181:Infinity:181:62:181:Infinity":14,"b:194:27:194:39:194:39:194:Infinity":15,"b:201:28:201:69:201:28:201:69":16,"b:202:27:202:Infinity:202:27:202:Infinity":17},"fnNames":{}}}
,"E:\\PROJECT\\Booking\\frontend\\src\\components\\SlotButton.vue": {"path":"E:\\PROJECT\\Booking\\frontend\\src\\components\\SlotButton.vue","statementMap":{"0":{"start":{"line":12,"column":4},"end":{"line":28,"column":173}},"1":{"start":{"line":13,"column":12},"end":{"line":13,"column":null}}},"fnMap":{"0":{"name":"(anonymous_0)","decl":{"start":{"line":13,"column":10},"end":{"line":13,"column":12}},"loc":{"start":{"line":13,"column":12},"end":{"line":13,"column":null}},"line":13}},"branchMap":{"0":{"loc":{"start":{"line":13,"column":10},"end":{"line":13,"column":null}},"type":"binary-expr","locations":[{"start":{"line":13,"column":10},"end":{"line":13,"column":12}},{"start":{"line":13,"column":10},"end":{"line":13,"column":null}}],"line":13},"1":{"loc":{"start":{"line":13,"column":12},"end":{"line":13,"column":null}},"type":"binary-expr","locations":[{"start":{"line":13,"column":12},"end":{"line":13,"column":38}},{"start":{"line":13,"column":38},"end":{"line":13,"column":null}}],"line":13},"2":{"loc":{"start":{"line":16,"column":23},"end":{"line":16,"column":null}},"type":"cond-expr","locations":[{"start":{"line":16,"column":29},"end":{"line":16,"column":152}},{"start":{"line":16,"column":152},"end":{"line":16,"column":null}}],"line":16},"3":{"loc":{"start":{"line":16,"column":152},"end":{"line":16,"column":null}},"type":"cond-expr","locations":[{"start":{"line":16,"column":152},"end":{"line":16,"column":null}},{"start":{"line":16,"column":152},"end":{"line":16,"column":null}}],"line":16},"4":{"loc":{"start":{"line":27,"column":20},"end":{"line":28,"column":173}},"type":"cond-expr","locations":[{"start":{"line":27,"column":9},"end":{"line":28,"column":173}}],"line":27},"5":{"loc":{"start":{"line":29,"column":10},"end":{"line":28,"column":173}},"type":"binary-expr","locations":[{"start":{"line":29,"column":10},"end":{"line":29,"column":null}},{"start":{"line":29,"column":10},"end":{"line":28,"column":173}}],"line":29}},"s":{"0":2,"1":0},"f":{"0":0},"b":{"0":[2,2],"1":[0,0],"2":[1,1],"3":[0,1],"4":[0],"5":[0,0]},"meta":{"lastBranch":6,"lastFunction":1,"lastStatement":2,"seen":{"s:12:4:28:173":0,"b:13:10:13:12:13:10:13:Infinity":0,"f:13:10:13:12":0,"s:13:12:13:Infinity":1,"b:13:12:13:38:13:38:13:Infinity":1,"b:16:29:16:152:16:152:16:Infinity":2,"b:16:152:16:Infinity:16:152:16:Infinity":3,"b:27:9:28:173":4,"b:29:10:29:Infinity:29:10:28:173":5},"fnNames":{}}}
,"E:\\PROJECT\\Booking\\frontend\\src\\services\\adminApi.ts": {"path":"E:\\PROJECT\\Booking\\frontend\\src\\services\\adminApi.ts","statementMap":{"0":{"start":{"line":5,"column":24},"end":{"line":52,"column":null}},"1":{"start":{"line":7,"column":23},"end":{"line":7,"column":null}},"2":{"start":{"line":8,"column":25},"end":{"line":8,"column":null}},"3":{"start":{"line":9,"column":8},"end":{"line":9,"column":null}},"4":{"start":{"line":14,"column":25},"end":{"line":14,"column":null}},"5":{"start":{"line":15,"column":8},"end":{"line":15,"column":null}},"6":{"start":{"line":22,"column":25},"end":{"line":22,"column":null}},"7":{"start":{"line":23,"column":8},"end":{"line":23,"column":null}},"8":{"start":{"line":28,"column":25},"end":{"line":28,"column":null}},"9":{"start":{"line":29,"column":8},"end":{"line":29,"column":null}},"10":{"start":{"line":36,"column":22},"end":{"line":36,"column":null}},"11":{"start":{"line":37,"column":25},"end":{"line":37,"column":null}},"12":{"start":{"line":38,"column":8},"end":{"line":38,"column":null}},"13":{"start":{"line":43,"column":25},"end":{"line":43,"column":null}},"14":{"start":{"line":44,"column":8},"end":{"line":44,"column":null}},"15":{"start":{"line":49,"column":25},"end":{"line":49,"column":null}},"16":{"start":{"line":50,"column":8},"end":{"line":50,"column":null}}},"fnMap":{"0":{"name":"getDashboard","decl":{"start":{"line":6,"column":10},"end":{"line":6,"column":23}},"loc":{"start":{"line":6,"column":38},"end":{"line":10,"column":null}},"line":6},"1":{"name":"cancelBooking","decl":{"start":{"line":13,"column":10},"end":{"line":13,"column":24}},"loc":{"start":{"line":13,"column":36},"end":{"line":16,"column":null}},"line":13},"2":{"name":"getSchedules","decl":{"start":{"line":21,"column":10},"end":{"line":21,"column":25}},"loc":{"start":{"line":21,"column":25},"end":{"line":24,"column":null}},"line":21},"3":{"name":"updateSchedules","decl":{"start":{"line":27,"column":10},"end":{"line":27,"column":26}},"loc":{"start":{"line":27,"column":44},"end":{"line":30,"column":null}},"line":27},"4":{"name":"getHolidays","decl":{"start":{"line":35,"column":10},"end":{"line":35,"column":22}},"loc":{"start":{"line":35,"column":37},"end":{"line":39,"column":null}},"line":35},"5":{"name":"addHoliday","decl":{"start":{"line":42,"column":10},"end":{"line":42,"column":21}},"loc":{"start":{"line":42,"column":51},"end":{"line":45,"column":null}},"line":42},"6":{"name":"removeHoliday","decl":{"start":{"line":48,"column":10},"end":{"line":48,"column":24}},"loc":{"start":{"line":48,"column":38},"end":{"line":51,"column":null}},"line":48}},"branchMap":{"0":{"loc":{"start":{"line":7,"column":23},"end":{"line":7,"column":null}},"type":"cond-expr","locations":[{"start":{"line":7,"column":30},"end":{"line":7,"column":39}},{"start":{"line":7,"column":39},"end":{"line":7,"column":null}}],"line":7},"1":{"loc":{"start":{"line":36,"column":22},"end":{"line":36,"column":null}},"type":"cond-expr","locations":[{"start":{"line":36,"column":29},"end":{"line":36,"column":40}},{"start":{"line":36,"column":40},"end":{"line":36,"column":null}}],"line":36}},"s":{"0":1,"1":2,"2":2,"3":2,"4":0,"5":0,"6":1,"7":1,"8":1,"9":1,"10":2,"11":2,"12":2,"13":1,"14":1,"15":1,"16":1},"f":{"0":2,"1":0,"2":1,"3":1,"4":2,"5":1,"6":1},"b":{"0":[1,1],"1":[1,1]},"meta":{"lastBranch":2,"lastFunction":7,"lastStatement":17,"seen":{"s:5:24:52:Infinity":0,"f:6:10:6:23":0,"s:7:23:7:Infinity":1,"b:7:30:7:39:7:39:7:Infinity":0,"s:8:25:8:Infinity":2,"s:9:8:9:Infinity":3,"f:13:10:13:24":1,"s:14:25:14:Infinity":4,"s:15:8:15:Infinity":5,"f:21:10:21:25":2,"s:22:25:22:Infinity":6,"s:23:8:23:Infinity":7,"f:27:10:27:26":3,"s:28:25:28:Infinity":8,"s:29:8:29:Infinity":9,"f:35:10:35:22":4,"s:36:22:36:Infinity":10,"b:36:29:36:40:36:40:36:Infinity":1,"s:37:25:37:Infinity":11,"s:38:8:38:Infinity":12,"f:42:10:42:21":5,"s:43:25:43:Infinity":13,"s:44:8:44:Infinity":14,"f:48:10:48:24":6,"s:49:25:49:Infinity":15,"s:50:8:50:Infinity":16},"fnNames":{}}}
,"E:\\PROJECT\\Booking\\frontend\\src\\services\\authApi.ts": {"path":"E:\\PROJECT\\Booking\\frontend\\src\\services\\authApi.ts","statementMap":{"0":{"start":{"line":3,"column":17},"end":{"line":3,"column":null}},"1":{"start":{"line":6,"column":19},"end":{"line":12,"column":null}},"2":{"start":{"line":17,"column":13},"end":{"line":19,"column":null}},"3":{"start":{"line":18,"column":4},"end":{"line":18,"column":null}},"4":{"start":{"line":22,"column":13},"end":{"line":24,"column":null}},"5":{"start":{"line":23,"column":4},"end":{"line":23,"column":null}},"6":{"start":{"line":27,"column":13},"end":{"line":29,"column":null}},"7":{"start":{"line":28,"column":4},"end":{"line":28,"column":null}},"8":{"start":{"line":32,"column":13},"end":{"line":34,"column":null}},"9":{"start":{"line":33,"column":4},"end":{"line":33,"column":null}},"10":{"start":{"line":38,"column":23},"end":{"line":71,"column":null}},"11":{"start":{"line":40,"column":25},"end":{"line":43,"column":null}},"12":{"start":{"line":45,"column":23},"end":{"line":45,"column":null}},"13":{"start":{"line":48,"column":8},"end":{"line":50,"column":null}},"14":{"start":{"line":49,"column":12},"end":{"line":49,"column":null}},"15":{"start":{"line":52,"column":8},"end":{"line":52,"column":null}},"16":{"start":{"line":57,"column":22},"end":{"line":57,"column":null}},"17":{"start":{"line":59,"column":8},"end":{"line":67,"column":null}},"18":{"start":{"line":60,"column":12},"end":{"line":66,"column":null}},"19":{"start":{"line":61,"column":16},"end":{"line":63,"column":null}},"20":{"start":{"line":69,"column":8},"end":{"line":69,"column":null}},"21":{"start":{"line":76,"column":0},"end":{"line":82,"column":null}},"22":{"start":{"line":77,"column":18},"end":{"line":77,"column":null}},"23":{"start":{"line":78,"column":4},"end":{"line":80,"column":null}},"24":{"start":{"line":79,"column":8},"end":{"line":79,"column":null}},"25":{"start":{"line":81,"column":4},"end":{"line":81,"column":null}}},"fnMap":{"0":{"name":"(anonymous_0)","decl":{"start":{"line":17,"column":13},"end":{"line":17,"column":25}},"loc":{"start":{"line":17,"column":49},"end":{"line":19,"column":null}},"line":17},"1":{"name":"(anonymous_1)","decl":{"start":{"line":22,"column":13},"end":{"line":22,"column":45}},"loc":{"start":{"line":22,"column":45},"end":{"line":24,"column":null}},"line":22},"2":{"name":"(anonymous_2)","decl":{"start":{"line":27,"column":13},"end":{"line":27,"column":39}},"loc":{"start":{"line":27,"column":39},"end":{"line":29,"column":null}},"line":27},"3":{"name":"(anonymous_3)","decl":{"start":{"line":32,"column":13},"end":{"line":32,"column":46}},"loc":{"start":{"line":32,"column":46},"end":{"line":34,"column":null}},"line":32},"4":{"name":"login","decl":{"start":{"line":39,"column":10},"end":{"line":39,"column":16}},"loc":{"start":{"line":39,"column":49},"end":{"line":53,"column":null}},"line":39},"5":{"name":"logout","decl":{"start":{"line":56,"column":10},"end":{"line":56,"column":19}},"loc":{"start":{"line":56,"column":19},"end":{"line":70,"column":null}},"line":56},"6":{"name":"(anonymous_6)","decl":{"start":{"line":76,"column":32},"end":{"line":76,"column":37}},"loc":{"start":{"line":76,"column":48},"end":{"line":82,"column":1}},"line":76}},"branchMap":{"0":{"loc":{"start":{"line":48,"column":8},"end":{"line":50,"column":null}},"type":"if","locations":[{"start":{"line":48,"column":8},"end":{"line":50,"column":null}},{"start":{},"end":{}}],"line":48},"1":{"loc":{"start":{"line":48,"column":12},"end":{"line":48,"column":50}},"type":"binary-expr","locations":[{"start":{"line":48,"column":12},"end":{"line":48,"column":30}},{"start":{"line":48,"column":30},"end":{"line":48,"column":50}}],"line":48},"2":{"loc":{"start":{"line":59,"column":8},"end":{"line":67,"column":null}},"type":"if","locations":[{"start":{"line":59,"column":8},"end":{"line":67,"column":null}},{"start":{},"end":{}}],"line":59},"3":{"loc":{"start":{"line":78,"column":4},"end":{"line":80,"column":null}},"type":"if","locations":[{"start":{"line":78,"column":4},"end":{"line":80,"column":null}},{"start":{},"end":{}}],"line":78}},"s":{"0":1,"1":1,"2":1,"3":2,"4":1,"5":6,"6":1,"7":3,"8":1,"9":2,"10":1,"11":2,"12":2,"13":2,"14":1,"15":2,"16":2,"17":2,"18":2,"19":2,"20":2,"21":1,"22":0,"23":0,"24":0,"25":0},"f":{"0":2,"1":6,"2":3,"3":2,"4":2,"5":2,"6":0},"b":{"0":[1,1],"1":[2,1],"2":[2,0],"3":[0,0]},"meta":{"lastBranch":4,"lastFunction":7,"lastStatement":26,"seen":{"s:3:17:3:Infinity":0,"s:6:19:12:Infinity":1,"s:17:13:19:Infinity":2,"f:17:13:17:25":0,"s:18:4:18:Infinity":3,"s:22:13:24:Infinity":4,"f:22:13:22:45":1,"s:23:4:23:Infinity":5,"s:27:13:29:Infinity":6,"f:27:13:27:39":2,"s:28:4:28:Infinity":7,"s:32:13:34:Infinity":8,"f:32:13:32:46":3,"s:33:4:33:Infinity":9,"s:38:23:71:Infinity":10,"f:39:10:39:16":4,"s:40:25:43:Infinity":11,"s:45:23:45:Infinity":12,"b:48:8:50:Infinity:undefined:undefined:undefined:undefined":0,"s:48:8:50:Infinity":13,"b:48:12:48:30:48:30:48:50":1,"s:49:12:49:Infinity":14,"s:52:8:52:Infinity":15,"f:56:10:56:19":5,"s:57:22:57:Infinity":16,"b:59:8:67:Infinity:undefined:undefined:undefined:undefined":2,"s:59:8:67:Infinity":17,"s:60:12:66:Infinity":18,"s:61:16:63:Infinity":19,"s:69:8:69:Infinity":20,"s:76:0:82:Infinity":21,"f:76:32:76:37":6,"s:77:18:77:Infinity":22,"b:78:4:80:Infinity:undefined:undefined:undefined:undefined":3,"s:78:4:80:Infinity":23,"s:79:8:79:Infinity":24,"s:81:4:81:Infinity":25},"fnNames":{}}}
}
